2017-05-02 13:22:22,604 [main] INFO  marytts.main Mary starting up...
2017-05-02 13:22:22,607 [main] INFO  marytts.main Specification version 5.2
2017-05-02 13:22:22,607 [main] INFO  marytts.main Implementation version unknown
2017-05-02 13:22:22,607 [main] INFO  marytts.main Running on a Java 1.8.0_74 implementation by Oracle Corporation, on a Mac OS X platform (x86_64, 10.12.3)
2017-05-02 13:22:22,686 [main] INFO  marytts.ModuleRegistry Now initiating mary module 'marytts.language.en.JTokeniser'
2017-05-02 13:22:22,689 [main] INFO  marytts.ModuleRegistry Now initiating mary module 'marytts.language.en.Preprocess'
2017-05-02 13:22:22,816 [main] INFO  marytts.ModuleRegistry Now initiating mary module 'marytts.modules.JPhonemiser(en_US.)'
2017-05-02 13:22:22,817 [main] INFO  marytts.JPhonemiser User dictionary './user-dictionaries/userdict-en_US.txt' for locale 'en_US' does not exist. Ignoring.
2017-05-02 13:22:22,873 [main] INFO  marytts.ModuleRegistry Now initiating mary module 'marytts.modules.JPhonemiser(en_GB.)'
2017-05-02 13:22:22,873 [main] INFO  marytts.JPhonemiser User dictionary './user-dictionaries/userdict-en_GB.txt' for locale 'en_GB' does not exist. Ignoring.
2017-05-02 13:22:22,914 [main] INFO  marytts.ModuleRegistry Now initiating mary module 'marytts.language.en.Prosody'
2017-05-02 13:22:22,917 [main] INFO  marytts.ModuleRegistry Now initiating mary module 'marytts.modules.SimplePhoneme2AP(en_US)'
2017-05-02 13:22:22,918 [main] INFO  marytts.ModuleRegistry Now initiating mary module 'marytts.language.en.PronunciationModel'
2017-05-02 13:22:22,919 [main] INFO  marytts.ModuleRegistry Now initiating mary module 'marytts.modules.OpenNLPPosTagger(en,en.pos)'
2017-05-02 13:22:22,919 [main] INFO  marytts.ModuleRegistry Now initiating mary module 'marytts.modules.Synthesis'
2017-05-02 13:22:22,920 [main] INFO  marytts.ModuleRegistry Now initiating mary module 'marytts.modules.TextToMaryXML'
2017-05-02 13:22:22,921 [main] INFO  marytts.ModuleRegistry Now initiating mary module 'marytts.modules.SableParser'
2017-05-02 13:22:22,922 [main] INFO  marytts.ModuleRegistry Now initiating mary module 'marytts.modules.SSMLParser'
2017-05-02 13:22:22,922 [main] INFO  marytts.ModuleRegistry Now initiating mary module 'marytts.modules.APMLParser'
2017-05-02 13:22:22,923 [main] INFO  marytts.ModuleRegistry Now initiating mary module 'marytts.modules.EmotionmlParser'
2017-05-02 13:22:22,923 [main] INFO  marytts.ModuleRegistry Now initiating mary module 'marytts.modules.JTokeniser'
2017-05-02 13:22:22,923 [main] INFO  marytts.ModuleRegistry Now initiating mary module 'marytts.modules.DummyTokens2Words'
2017-05-02 13:22:22,923 [main] INFO  marytts.ModuleRegistry Now initiating mary module 'marytts.modules.ProsodyGeneric'
2017-05-02 13:22:22,924 [main] INFO  marytts.ModuleRegistry Now initiating mary module 'marytts.modules.PronunciationModel'
2017-05-02 13:22:22,924 [main] INFO  marytts.ModuleRegistry Now initiating mary module 'marytts.modules.TargetFeatureLister'
2017-05-02 13:22:22,924 [main] INFO  marytts.ModuleRegistry Now initiating mary module 'marytts.modules.HalfPhoneTargetFeatureLister'
2017-05-02 13:22:22,924 [main] INFO  marytts.ModuleRegistry Now initiating mary module 'marytts.modules.AcousticModeller'
2017-05-02 13:22:22,925 [main] INFO  marytts.ModuleRegistry Now initiating mary module 'marytts.modules.RealisedAcoustparamsExtractor'
2017-05-02 13:22:22,926 [main] INFO  marytts.ModuleRegistry Now initiating mary module 'marytts.modules.RealisedDurationsExtractor'
2017-05-02 13:22:22,926 [main] INFO  marytts.ModuleRegistry Now initiating mary module 'marytts.modules.HTSEngine'
2017-05-02 13:22:22,927 [main] INFO  marytts.ModuleRegistry Now initiating mary module 'marytts.modules.PraatTextGridGenerator'
2017-05-02 13:22:22,930 [main] INFO  marytts.JTokeniser Module started (RAWMARYXML->TOKENS, locale en).
2017-05-02 13:22:22,972 [main] INFO  marytts.JTokeniser Starting power-on self test.
2017-05-02 13:22:22,975 [main] INFO  marytts.JTokeniser Power-on self test complete.
2017-05-02 13:22:22,975 [main] INFO  marytts.Preprocess Module started (TOKENS->WORDS, locale en).
2017-05-02 13:22:22,975 [main] INFO  marytts.Preprocess Starting power-on self test.
2017-05-02 13:22:22,975 [main] INFO  marytts.Preprocess Power-on self test complete.
2017-05-02 13:22:22,975 [main] INFO  marytts.JPhonemiser Module started (PARTSOFSPEECH->PHONEMES, locale en_US).
2017-05-02 13:22:22,975 [main] INFO  marytts.JPhonemiser Starting power-on self test.
2017-05-02 13:22:22,977 [main] INFO  marytts.JPhonemiser Power-on self test complete.
2017-05-02 13:22:22,977 [main] INFO  marytts.JPhonemiser Module started (PARTSOFSPEECH->PHONEMES, locale en_GB).
2017-05-02 13:22:22,977 [main] INFO  marytts.JPhonemiser Starting power-on self test.
2017-05-02 13:22:22,977 [main] INFO  marytts.JPhonemiser Power-on self test complete.
2017-05-02 13:22:22,987 [main] INFO  marytts.Prosody Module started (PHONEMES->INTONATION, locale en).
2017-05-02 13:22:22,987 [main] INFO  marytts.Prosody Starting power-on self test.
2017-05-02 13:22:22,988 [main] INFO  marytts.Prosody Power-on self test complete.
2017-05-02 13:22:22,988 [main] INFO  marytts.SimplePhoneme2AP Module started (SIMPLEPHONEMES->ACOUSTPARAMS, locale en_US).
2017-05-02 13:22:22,988 [main] INFO  marytts.SimplePhoneme2AP Starting power-on self test.
2017-05-02 13:22:22,995 [main] INFO  marytts.SimplePhoneme2AP Power-on self test complete.
2017-05-02 13:22:22,995 [main] INFO  marytts.PronunciationModel Module started (INTONATION->ALLOPHONES, locale en).
2017-05-02 13:22:22,995 [main] INFO  marytts.PronunciationModel Starting power-on self test.
2017-05-02 13:22:22,995 [main] INFO  marytts.PronunciationModel Power-on self test complete.
2017-05-02 13:22:22,996 [main] INFO  marytts.OpenNLPPosTagger Module started (WORDS->PARTSOFSPEECH, locale en).
2017-05-02 13:22:23,681 [main] INFO  marytts.OpenNLPPosTagger Starting power-on self test.
2017-05-02 13:22:23,681 [main] INFO  marytts.OpenNLPPosTagger Power-on self test complete.
2017-05-02 13:22:23,683 [main] INFO  marytts.UnitSelectionSynthesizer started.
2017-05-02 13:22:23,683 [main] INFO  marytts.TargetFeatureLister Module started (ACOUSTPARAMS->TARGETFEATURES, locale null).
2017-05-02 13:22:23,683 [main] INFO  marytts.HTSEngine Module started (TARGETFEATURES->AUDIO, locale null).
2017-05-02 13:22:23,694 [main] INFO  marytts.HMMData Loading Tree Set in CARTs:
2017-05-02 13:22:23,731 [main] INFO  marytts.HMMData Loading GV Model Set:
2017-05-02 13:22:23,836 [main] INFO  marytts.Voice Registering voice `dfki-poppy-hsmm': female, locale en_GB
2017-05-02 13:22:23,836 [main] INFO  marytts.Voice New default voice for locale en_GB: dfki-poppy-hsmm (desire 0)
2017-05-02 13:22:23,838 [main] INFO  marytts.HMMData Loading Tree Set in CARTs:
2017-05-02 13:22:23,861 [main] INFO  marytts.HMMData Loading GV Model Set:
2017-05-02 13:22:23,932 [main] INFO  marytts.Voice Registering voice `cmu-slt-hsmm': female, locale en_US
2017-05-02 13:22:23,932 [main] INFO  marytts.Voice New default voice for locale en_US: cmu-slt-hsmm (desire 0)
2017-05-02 13:22:23,934 [main] INFO  marytts.HMMData Loading Tree Set in CARTs:
2017-05-02 13:22:23,988 [main] INFO  marytts.HMMData Loading GV Model Set:
2017-05-02 13:22:24,094 [main] INFO  marytts.Voice Registering voice `dfki-prudence-hsmm': female, locale en_GB
2017-05-02 13:22:24,094 [main] INFO  marytts.HMMSynthesizer started.
2017-05-02 13:22:24,094 [main] INFO  marytts.Synthesis Module started (ACOUSTPARAMS->AUDIO, locale null).
2017-05-02 13:22:24,094 [main] INFO  marytts.HMMSynthesizer Starting power-on self test.
2017-05-02 13:22:24,094 [main] INFO  marytts.HMMSynthesizer Power-on self test complete.
2017-05-02 13:22:24,095 [main] INFO  marytts.TextToMaryXML Module started (TEXT->RAWMARYXML, locale null).
2017-05-02 13:22:24,095 [main] INFO  marytts.TextToMaryXML Starting power-on self test.
2017-05-02 13:22:24,095 [main] WARN  marytts.TextToMaryXML Locale is null, overriding with en_US
2017-05-02 13:22:24,095 [main] WARN  marytts.TextToMaryXML Locale is null, overriding with en_US
2017-05-02 13:22:24,095 [main] INFO  marytts.TextToMaryXML Power-on self test complete.
2017-05-02 13:22:24,208 [main] INFO  marytts.SableParser Module started (SABLE->RAWMARYXML, locale null).
2017-05-02 13:22:24,209 [main] INFO  marytts.SableParser Starting power-on self test.
2017-05-02 13:22:24,209 [main] INFO  marytts.SableParser Power-on self test complete.
2017-05-02 13:22:24,249 [main] INFO  marytts.SSMLParser Module started (SSML->RAWMARYXML, locale null).
2017-05-02 13:22:24,249 [main] INFO  marytts.SSMLParser Starting power-on self test.
2017-05-02 13:22:24,249 [main] INFO  marytts.SSMLParser Power-on self test complete.
2017-05-02 13:22:24,286 [main] INFO  marytts.APMLParser Module started (APML->RAWMARYXML, locale null).
2017-05-02 13:22:24,287 [main] INFO  marytts.APMLParser Starting power-on self test.
2017-05-02 13:22:24,287 [main] INFO  marytts.APMLParser Power-on self test complete.
2017-05-02 13:22:24,307 [main] INFO  marytts.EmotionmlParser Module started (EMOTIONML->RAWMARYXML, locale null).
2017-05-02 13:22:24,307 [main] INFO  marytts.EmotionmlParser Starting power-on self test.
2017-05-02 13:22:24,308 [main] INFO  marytts.EmotionmlParser Power-on self test complete.
2017-05-02 13:22:24,308 [main] INFO  marytts.JTokeniser Module started (RAWMARYXML->TOKENS, locale null).
2017-05-02 13:22:24,316 [main] INFO  marytts.JTokeniser Starting power-on self test.
2017-05-02 13:22:24,316 [main] INFO  marytts.JTokeniser Power-on self test complete.
2017-05-02 13:22:24,316 [main] INFO  marytts.DummyTokens2Words Module started (TOKENS->WORDS, locale null).
2017-05-02 13:22:24,316 [main] INFO  marytts.DummyTokens2Words Starting power-on self test.
2017-05-02 13:22:24,316 [main] INFO  marytts.DummyTokens2Words Power-on self test complete.
2017-05-02 13:22:24,318 [main] INFO  marytts.Prosody Module started (PHONEMES->INTONATION, locale null).
2017-05-02 13:22:24,318 [main] INFO  marytts.Prosody Starting power-on self test.
2017-05-02 13:22:24,318 [main] INFO  marytts.Prosody Power-on self test complete.
2017-05-02 13:22:24,318 [main] INFO  marytts.PronunciationModel Module started (INTONATION->ALLOPHONES, locale null).
2017-05-02 13:22:24,318 [main] INFO  marytts.PronunciationModel Starting power-on self test.
2017-05-02 13:22:24,318 [main] INFO  marytts.PronunciationModel Power-on self test complete.
2017-05-02 13:22:24,318 [main] INFO  marytts.TargetFeatureLister Starting power-on self test.
2017-05-02 13:22:24,318 [main] INFO  marytts.TargetFeatureLister Power-on self test complete.
2017-05-02 13:22:24,318 [main] INFO  marytts.TargetFeatureLister Module started (ACOUSTPARAMS->HALFPHONE_TARGETFEATURES, locale null).
2017-05-02 13:22:24,318 [main] INFO  marytts.TargetFeatureLister Starting power-on self test.
2017-05-02 13:22:24,318 [main] INFO  marytts.TargetFeatureLister Power-on self test complete.
2017-05-02 13:22:24,318 [main] INFO  marytts.AcousticModeller Module started (ALLOPHONES->ACOUSTPARAMS, locale null).
2017-05-02 13:22:24,318 [main] INFO  marytts.AcousticModeller Starting power-on self test.
2017-05-02 13:22:24,318 [main] INFO  marytts.AcousticModeller Power-on self test complete.
2017-05-02 13:22:24,318 [main] INFO  marytts.Realised acoustparams extractor Module started (AUDIO->REALISED_ACOUSTPARAMS, locale null).
2017-05-02 13:22:24,318 [main] INFO  marytts.Realised acoustparams extractor Starting power-on self test.
2017-05-02 13:22:24,318 [main] INFO  marytts.Realised acoustparams extractor Power-on self test complete.
2017-05-02 13:22:24,318 [main] INFO  marytts.Realised durations extractor Module started (AUDIO->REALISED_DURATIONS, locale null).
2017-05-02 13:22:24,318 [main] INFO  marytts.Realised durations extractor Starting power-on self test.
2017-05-02 13:22:24,318 [main] INFO  marytts.Realised durations extractor Power-on self test complete.
2017-05-02 13:22:24,318 [main] INFO  marytts.Praat TextGrid generator Module started (REALISED_ACOUSTPARAMS->PRAAT_TEXTGRID, locale null).
2017-05-02 13:22:24,318 [main] INFO  marytts.Praat TextGrid generator Starting power-on self test.
2017-05-02 13:22:24,318 [main] INFO  marytts.Praat TextGrid generator Power-on self test complete.
2017-05-02 13:22:24,319 [main] INFO  marytts.main Startup complete.
2017-05-02 13:22:24,338 [Thread-1] INFO  marytts.main Shutting down modules...
2017-05-02 13:22:24,338 [Thread-1] INFO  marytts.JTokeniser Module shut down.
2017-05-02 13:22:24,338 [Thread-1] INFO  marytts.Preprocess Module shut down.
2017-05-02 13:22:24,338 [Thread-1] INFO  marytts.JPhonemiser Module shut down.
2017-05-02 13:22:24,338 [Thread-1] INFO  marytts.JPhonemiser Module shut down.
2017-05-02 13:22:24,339 [Thread-1] INFO  marytts.Prosody Module shut down.
2017-05-02 13:22:24,339 [Thread-1] INFO  marytts.SimplePhoneme2AP Module shut down.
2017-05-02 13:22:24,339 [Thread-1] INFO  marytts.PronunciationModel Module shut down.
2017-05-02 13:22:24,339 [Thread-1] INFO  marytts.OpenNLPPosTagger Module shut down.
2017-05-02 13:22:24,339 [Thread-1] INFO  marytts.Synthesis Module shut down.
2017-05-02 13:22:24,339 [Thread-1] INFO  marytts.TextToMaryXML Module shut down.
2017-05-02 13:22:24,339 [Thread-1] INFO  marytts.SableParser Module shut down.
2017-05-02 13:22:24,339 [Thread-1] INFO  marytts.SSMLParser Module shut down.
2017-05-02 13:22:24,339 [Thread-1] INFO  marytts.APMLParser Module shut down.
2017-05-02 13:22:24,339 [Thread-1] INFO  marytts.EmotionmlParser Module shut down.
2017-05-02 13:22:24,339 [Thread-1] INFO  marytts.JTokeniser Module shut down.
2017-05-02 13:22:24,339 [Thread-1] INFO  marytts.DummyTokens2Words Module shut down.
2017-05-02 13:22:24,339 [Thread-1] INFO  marytts.Prosody Module shut down.
2017-05-02 13:22:24,339 [Thread-1] INFO  marytts.PronunciationModel Module shut down.
2017-05-02 13:22:24,339 [Thread-1] INFO  marytts.TargetFeatureLister Module shut down.
2017-05-02 13:22:24,339 [Thread-1] INFO  marytts.TargetFeatureLister Module shut down.
2017-05-02 13:22:24,339 [Thread-1] INFO  marytts.AcousticModeller Module shut down.
2017-05-02 13:22:24,339 [Thread-1] INFO  marytts.Realised acoustparams extractor Module shut down.
2017-05-02 13:22:24,339 [Thread-1] INFO  marytts.Realised durations extractor Module shut down.
2017-05-02 13:22:24,339 [Thread-1] INFO  marytts.HTSEngine Module shut down.
2017-05-02 13:22:24,339 [Thread-1] INFO  marytts.Praat TextGrid generator Module shut down.
2017-05-02 13:22:24,340 [Thread-1] INFO  marytts.main Shutdown complete.
